This is pdfTeX, Version 3.14159265-2.6-1.40.18 (TeX Live 2017/Debian) (preloaded format=latex 2019.12.27)  5 MAR 2020 13:18
entering extended mode
 restricted \write18 enabled.
 %&-line parsing enabled.
**Kappale8.tex
(./Kappale8.tex
LaTeX2e <2017-04-15>
Babel <3.18> and hyphenation patterns for 84 language(s) loaded.
(/usr/share/texlive/texmf-dist/tex/latex/exam/exam.cls
Document Class: exam 2017/12/17 Version 2.603 by Philip Hirschhorn
(/usr/share/texlive/texmf-dist/tex/latex/base/ifthen.sty
Package: ifthen 2014/09/29 v1.1c Standard LaTeX ifthen package (DPC)
)
(/usr/share/texlive/texmf-dist/tex/latex/base/article.cls
Document Class: article 2014/09/29 v1.4h Standard LaTeX document class
(/usr/share/texlive/texmf-dist/tex/latex/base/size11.clo
File: size11.clo 2014/09/29 v1.4h Standard LaTeX file (size option)
)
\c@part=\count79
\c@section=\count80
\c@subsection=\count81
\c@subsubsection=\count82
\c@paragraph=\count83
\c@subparagraph=\count84
\c@figure=\count85
\c@table=\count86
\abovecaptionskip=\skip41
\belowcaptionskip=\skip42
\bibindent=\dimen102
)
\@extrawidth=\skip43
\@rightmargin=\skip44
\@extrahead=\skip45
\@extrafoot=\skip46
\run@exhd=\skip47
\fp@exhd=\skip48
\run@exft=\skip49
\fp@exft=\skip50
\covrun@exhd=\skip51
\covfp@exhd=\skip52
\covrun@exft=\skip53
\covfp@exft=\skip54
\c@num@coverpages=\count87
\c@latest@ques=\count88
\c@ques@end=\count89
\c@last@object=\count90
\c@incmp@ques=\count91
\c@next@ques=\count92
\c@next@page=\count93
\c@tmp@hlfcntr=\count94
\c@ifpos@cntr=\count95
\c@question=\count96
\c@partno=\count97
\c@subpart=\count98
\c@subsubpart=\count99
\c@choice=\count100
\c@numpoints=\count101
\c@numbonuspoints=\count102
\c@pointsof@thisquestion=\count103
\c@bonuspointsof@thisquestion=\count104
\c@numquestions=\count105
\c@numparts=\count106
\c@numsubparts=\count107
\c@numsubsubparts=\count108
\c@Curr@Page=\count109
\c@@pagepoints=\count110
\c@@pagebonuspoints=\count111
\c@pageof@pagepoints=\count112
\c@pageof@pagebonuspoints=\count113
\c@latest@points=\count114
\c@latest@bonuspoints=\count115
\pageinfo@commands=\toks14
\temp@toks=\toks15
\pagepoint@commands=\toks16
\point@toks=\toks17
\c@ques@object=\count116
\marginpointssep=\skip55
\rightpointsmargin=\skip56
\choice@toks=\toks18
\answerlinelength=\skip57
\answerskip=\skip58
\answerclearance=\skip59
\fillinlinelength=\skip60
\linefillheight=\skip61
\linefillthickness=\skip62
\dottedlinefillheight=\skip63
\gridsize=\skip64
\gridlinewidth=\skip65
\minboxheight=\skip66
\c@@iterator=\count117
\@cellwidth=\skip67
\c@tbl@points=\count118
\c@tbl@bonuspoints=\count119
\c@pq@index=\count120
\c@pq@index@pts=\count121
\c@pq@index@bpts=\count122
\c@num@cols=\count123
\c@num@rows=\count124
\c@current@row=\count125
\c@cols@done=\count126
\exam@box=\box26
\saved@totalleftmargin=\dimen103
\@sollistdepth=\count127
\exam@FrameRule=\dimen104
\exam@FrameSep=\dimen105
)
(/usr/share/texlive/texmf-dist/tex/latex/biblatex/biblatex.sty
Package: biblatex 2017/12/19 v3.10 programmable bibliographies (PK/JW/AB)

(/usr/share/texlive/texmf-dist/tex/generic/oberdiek/pdftexcmds.sty
Package: pdftexcmds 2018/01/21 v0.26 Utility functions of pdfTeX for LuaTeX (HO
)

(/usr/share/texlive/texmf-dist/tex/generic/oberdiek/infwarerr.sty
Package: infwarerr 2016/05/16 v1.4 Providing info/warning/error messages (HO)
)
(/usr/share/texlive/texmf-dist/tex/generic/oberdiek/ifluatex.sty
Package: ifluatex 2016/05/16 v1.4 Provides the ifluatex switch (HO)
Package ifluatex Info: LuaTeX not detected.
)
(/usr/share/texlive/texmf-dist/tex/generic/oberdiek/ltxcmds.sty
Package: ltxcmds 2016/05/16 v1.23 LaTeX kernel commands for general use (HO)
)
(/usr/share/texlive/texmf-dist/tex/generic/oberdiek/ifpdf.sty
Package: ifpdf 2017/03/15 v3.2 Provides the ifpdf switch
)
Package pdftexcmds Info: LuaTeX not detected.
Package pdftexcmds Info: \pdf@primitive is available.
Package pdftexcmds Info: \pdf@ifprimitive is available.
Package pdftexcmds Info: \pdfdraftmode is ignored in DVI mode.
)
(/usr/share/texlive/texmf-dist/tex/latex/etoolbox/etoolbox.sty
Package: etoolbox 2018/02/11 v2.5e e-TeX tools for LaTeX (JAW)
\etb@tempcnta=\count128
)
(/usr/share/texlive/texmf-dist/tex/latex/graphics/keyval.sty
Package: keyval 2014/10/28 v1.15 key=value parser (DPC)
\KV@toks@=\toks19
)
(/usr/share/texlive/texmf-dist/tex/latex/oberdiek/kvoptions.sty
Package: kvoptions 2016/05/16 v3.12 Key value format for package options (HO)

(/usr/share/texlive/texmf-dist/tex/generic/oberdiek/kvsetkeys.sty
Package: kvsetkeys 2016/05/16 v1.17 Key value parser (HO)

(/usr/share/texlive/texmf-dist/tex/generic/oberdiek/etexcmds.sty
Package: etexcmds 2016/05/16 v1.6 Avoid name clashes with e-TeX commands (HO)
Package etexcmds Info: Could not find \expanded.
(etexcmds)             That can mean that you are not using pdfTeX 1.50 or
(etexcmds)             that some package has redefined \expanded.
(etexcmds)             In the latter case, load this package earlier.
)))
(/usr/share/texlive/texmf-dist/tex/latex/logreq/logreq.sty
Package: logreq 2010/08/04 v1.0 xml request logger
\lrq@indent=\count129

(/usr/share/texlive/texmf-dist/tex/latex/logreq/logreq.def
File: logreq.def 2010/08/04 v1.0 logreq spec v1.0
))
(/usr/share/texlive/texmf-dist/tex/latex/url/url.sty
\Urlmuskip=\muskip10
Package: url 2013/09/16  ver 3.4  Verb mode for urls, etc.
)
(/usr/share/texlive/texmf-dist/tex/generic/xstring/xstring.sty
(/usr/share/texlive/texmf-dist/tex/generic/xstring/xstring.tex
\@xs@message=\write3
\integerpart=\count130
\decimalpart=\count131
)
Package: xstring 2013/10/13  v1.7c  String manipulations (C Tellechea)
)
\c@tabx@nest=\count132
\c@listtotal=\count133
\c@listcount=\count134
\c@liststart=\count135
\c@liststop=\count136
\c@citecount=\count137
\c@citetotal=\count138
\c@multicitecount=\count139
\c@multicitetotal=\count140
\c@instcount=\count141
\c@maxnames=\count142
\c@minnames=\count143
\c@maxitems=\count144
\c@minitems=\count145
\c@citecounter=\count146
\c@savedcitecounter=\count147
\c@uniquelist=\count148
\c@uniquename=\count149
\c@refsection=\count150
\c@refsegment=\count151
\c@maxextratitle=\count152
\c@maxextratitleyear=\count153
\c@maxextradate=\count154
\c@maxextraalpha=\count155
\c@abbrvpenalty=\count156
\c@highnamepenalty=\count157
\c@lownamepenalty=\count158
\c@maxparens=\count159
\c@parenlevel=\count160
\blx@tempcnta=\count161
\blx@tempcntb=\count162
\blx@tempcntc=\count163
\blx@maxsection=\count164
\blx@maxsegment@0=\count165
\blx@notetype=\count166
\blx@parenlevel@text=\count167
\blx@parenlevel@foot=\count168
\blx@sectionciteorder@0=\count169
\labelnumberwidth=\skip68
\labelalphawidth=\skip69
\biblabelsep=\skip70
\bibitemsep=\skip71
\bibnamesep=\skip72
\bibinitsep=\skip73
\bibparsep=\skip74
\bibhang=\skip75
\blx@bcfin=\read1
\blx@bcfout=\write4
\c@mincomprange=\count170
\c@maxcomprange=\count171
\c@mincompwidth=\count172
Package biblatex Info: Trying to load biblatex default data model...
Package biblatex Info: ... file 'blx-dm.def' found.

(/usr/share/texlive/texmf-dist/tex/latex/biblatex/blx-dm.def)
Package biblatex Info: Trying to load biblatex style data model...
Package biblatex Info: ... file 'alphabetic.dbx' not found.
Package biblatex Info: Trying to load biblatex custom data model...
Package biblatex Info: ... file 'biblatex-dm.cfg' not found.
\c@afterword=\count173
\c@savedafterword=\count174
\c@annotator=\count175
\c@savedannotator=\count176
\c@author=\count177
\c@savedauthor=\count178
\c@bookauthor=\count179
\c@savedbookauthor=\count180
\c@commentator=\count181
\c@savedcommentator=\count182
\c@editor=\count183
\c@savededitor=\count184
\c@editora=\count185
\c@savededitora=\count186
\c@editorb=\count187
\c@savededitorb=\count188
\c@editorc=\count189
\c@savededitorc=\count190
\c@foreword=\count191
\c@savedforeword=\count192
\c@holder=\count193
\c@savedholder=\count194
\c@introduction=\count195
\c@savedintroduction=\count196
\c@namea=\count197
\c@savednamea=\count198
\c@nameb=\count199
\c@savednameb=\count266
\c@namec=\count267
\c@savednamec=\count268
\c@translator=\count269
\c@savedtranslator=\count270
\c@shortauthor=\count271
\c@savedshortauthor=\count272
\c@shorteditor=\count273
\c@savedshorteditor=\count274
\c@labelname=\count275
\c@savedlabelname=\count276
\c@institution=\count277
\c@savedinstitution=\count278
\c@lista=\count279
\c@savedlista=\count280
\c@listb=\count281
\c@savedlistb=\count282
\c@listc=\count283
\c@savedlistc=\count284
\c@listd=\count285
\c@savedlistd=\count286
\c@liste=\count287
\c@savedliste=\count288
\c@listf=\count289
\c@savedlistf=\count290
\c@location=\count291
\c@savedlocation=\count292
\c@organization=\count293
\c@savedorganization=\count294
\c@origlocation=\count295
\c@savedoriglocation=\count296
\c@origpublisher=\count297
\c@savedorigpublisher=\count298
\c@publisher=\count299
\c@savedpublisher=\count300
\c@language=\count301
\c@savedlanguage=\count302
\c@origlanguage=\count303
\c@savedoriglanguage=\count304
\c@pageref=\count305
\c@savedpageref=\count306
\shorthandwidth=\skip76
\shortjournalwidth=\skip77
\shortserieswidth=\skip78
\shorttitlewidth=\skip79
\shortauthorwidth=\skip80
\shorteditorwidth=\skip81
Package biblatex Info: Trying to load compatibility code...
Package biblatex Info: ... file 'blx-compat.def' found.

(/usr/share/texlive/texmf-dist/tex/latex/biblatex/blx-compat.def
File: blx-compat.def 2017/12/19 v3.10 biblatex compatibility (PK/JW/AB)
)
Package biblatex Info: Trying to load generic definitions...
Package biblatex Info: ... file 'biblatex.def' found.

(/usr/share/texlive/texmf-dist/tex/latex/biblatex/biblatex.def
File: biblatex.def 2017/12/19 v3.10 biblatex compatibility (PK/JW/AB)
\c@textcitecount=\count307
\c@textcitetotal=\count308
\c@textcitemaxnames=\count309
\c@biburlnumpenalty=\count310
\c@biburlucpenalty=\count311
\c@biburllcpenalty=\count312
\c@smartand=\count313
)
Package biblatex Info: Trying to load bibliography style 'alphabetic'...
Package biblatex Info: ... file 'alphabetic.bbx' found.

(/usr/share/texlive/texmf-dist/tex/latex/biblatex/bbx/alphabetic.bbx
File: alphabetic.bbx 2017/12/19 v3.10 biblatex bibliography style (PK/JW/AB)
Package biblatex Info: Trying to load bibliography style 'standard'...
Package biblatex Info: ... file 'standard.bbx' found.

(/usr/share/texlive/texmf-dist/tex/latex/biblatex/bbx/standard.bbx
File: standard.bbx 2017/12/19 v3.10 biblatex bibliography style (PK/JW/AB)
\c@bbx:relatedcount=\count314
\c@bbx:relatedtotal=\count315
))
Package biblatex Info: Trying to load citation style 'authoryear'...
Package biblatex Info: ... file 'authoryear.cbx' found.

(/usr/share/texlive/texmf-dist/tex/latex/biblatex/cbx/authoryear.cbx
File: authoryear.cbx 2017/12/19 v3.10 biblatex citation style (PK/JW/AB)
Package biblatex Info: Redefining '\cite'.
Package biblatex Info: Redefining '\parencite'.
Package biblatex Info: Redefining '\footcite'.
Package biblatex Info: Redefining '\footcitetext'.
Package biblatex Info: Redefining '\smartcite'.
Package biblatex Info: Redefining '\textcite'.
Package biblatex Info: Redefining '\textcites'.
)
Package biblatex Info: Trying to load configuration file...
Package biblatex Info: ... file 'biblatex.cfg' found.

(/usr/share/texlive/texmf-dist/tex/latex/biblatex/biblatex.cfg
File: biblatex.cfg 
))
(/usr/share/texlive/texmf-dist/tex/latex/amsmath/amsmath.sty
Package: amsmath 2017/09/02 v2.17a AMS math features
\@mathmargin=\skip82

For additional information on amsmath, use the `?' option.
(/usr/share/texlive/texmf-dist/tex/latex/amsmath/amstext.sty
Package: amstext 2000/06/29 v2.01 AMS text

(/usr/share/texlive/texmf-dist/tex/latex/amsmath/amsgen.sty
File: amsgen.sty 1999/11/30 v2.0 generic functions
\@emptytoks=\toks20
\ex@=\dimen106
))
(/usr/share/texlive/texmf-dist/tex/latex/amsmath/amsbsy.sty
Package: amsbsy 1999/11/29 v1.2d Bold Symbols
\pmbraise@=\dimen107
)
(/usr/share/texlive/texmf-dist/tex/latex/amsmath/amsopn.sty
Package: amsopn 2016/03/08 v2.02 operator names
)
\inf@bad=\count316
LaTeX Info: Redefining \frac on input line 213.
\uproot@=\count317
\leftroot@=\count318
LaTeX Info: Redefining \overline on input line 375.
\classnum@=\count319
\DOTSCASE@=\count320
LaTeX Info: Redefining \ldots on input line 472.
LaTeX Info: Redefining \dots on input line 475.
LaTeX Info: Redefining \cdots on input line 596.
\Mathstrutbox@=\box27
\strutbox@=\box28
\big@size=\dimen108
LaTeX Font Info:    Redeclaring font encoding OML on input line 712.
LaTeX Font Info:    Redeclaring font encoding OMS on input line 713.
\macc@depth=\count321
\c@MaxMatrixCols=\count322
\dotsspace@=\muskip11
\c@parentequation=\count323
\dspbrk@lvl=\count324
\tag@help=\toks21
\row@=\count325
\column@=\count326
\maxfields@=\count327
\andhelp@=\toks22
\eqnshift@=\dimen109
\alignsep@=\dimen110
\tagshift@=\dimen111
\tagwidth@=\dimen112
\totwidth@=\dimen113
\lineht@=\dimen114
\@envbody=\toks23
\multlinegap=\skip83
\multlinetaggap=\skip84
\mathdisplay@stack=\toks24
LaTeX Info: Redefining \[ on input line 2817.
LaTeX Info: Redefining \] on input line 2818.
)
(/usr/share/texlive/texmf-dist/tex/generic/babel/babel.sty
Package: babel 2018/02/14 3.18 The Babel package

(/usr/share/texlive/texmf-dist/tex/generic/babel/switch.def
File: switch.def 2018/02/14 3.18 Babel switching mechanism
)
(/usr/share/texlive/texmf-dist/tex/generic/babel-finnish/finnish.ldf
Language: finnish 2007/10/20 v1.3q Finnish support from the babel system

(/usr/share/texlive/texmf-dist/tex/generic/babel/babel.def
File: babel.def 2018/02/14 3.18 Babel common definitions
\babel@savecnt=\count328
\U@D=\dimen115

(/usr/share/texlive/texmf-dist/tex/generic/babel/txtbabel.def)
\bbl@dirlevel=\count329
)
Package babel Info: Making " an active character on input line 89.
))
(/usr/share/texlive/texmf-dist/tex/latex/preprint/authblk.sty
Package: authblk 2001/02/27 1.3 (PWD)
\affilsep=\skip85
\@affilsep=\skip86
\c@Maxaffil=\count330
\c@authors=\count331
\c@affil=\count332
)
(/usr/share/texlive/texmf-dist/tex/latex/base/inputenc.sty
Package: inputenc 2015/03/17 v1.2c Input encoding file
\inpenc@prehook=\toks25
\inpenc@posthook=\toks26

(/usr/share/texlive/texmf-dist/tex/latex/base/utf8.def
File: utf8.def 2017/01/28 v1.1t UTF-8 support for inputenc
Now handling font encoding OML ...
... no UTF-8 mapping file for font encoding OML
Now handling font encoding T1 ...
... processing UTF-8 mapping file for font encoding T1

(/usr/share/texlive/texmf-dist/tex/latex/base/t1enc.dfu
File: t1enc.dfu 2017/01/28 v1.1t UTF-8 support for inputenc
   defining Unicode char U+00A0 (decimal 160)
   defining Unicode char U+00A1 (decimal 161)
   defining Unicode char U+00A3 (decimal 163)
   defining Unicode char U+00AB (decimal 171)
   defining Unicode char U+00AD (decimal 173)
   defining Unicode char U+00BB (decimal 187)
   defining Unicode char U+00BF (decimal 191)
   defining Unicode char U+00C0 (decimal 192)
   defining Unicode char U+00C1 (decimal 193)
   defining Unicode char U+00C2 (decimal 194)
   defining Unicode char U+00C3 (decimal 195)
   defining Unicode char U+00C4 (decimal 196)
   defining Unicode char U+00C5 (decimal 197)
   defining Unicode char U+00C6 (decimal 198)
   defining Unicode char U+00C7 (decimal 199)
   defining Unicode char U+00C8 (decimal 200)
   defining Unicode char U+00C9 (decimal 201)
   defining Unicode char U+00CA (decimal 202)
   defining Unicode char U+00CB (decimal 203)
   defining Unicode char U+00CC (decimal 204)
   defining Unicode char U+00CD (decimal 205)
   defining Unicode char U+00CE (decimal 206)
   defining Unicode char U+00CF (decimal 207)
   defining Unicode char U+00D0 (decimal 208)
   defining Unicode char U+00D1 (decimal 209)
   defining Unicode char U+00D2 (decimal 210)
   defining Unicode char U+00D3 (decimal 211)
   defining Unicode char U+00D4 (decimal 212)
   defining Unicode char U+00D5 (decimal 213)
   defining Unicode char U+00D6 (decimal 214)
   defining Unicode char U+00D8 (decimal 216)
   defining Unicode char U+00D9 (decimal 217)
   defining Unicode char U+00DA (decimal 218)
   defining Unicode char U+00DB (decimal 219)
   defining Unicode char U+00DC (decimal 220)
   defining Unicode char U+00DD (decimal 221)
   defining Unicode char U+00DE (decimal 222)
   defining Unicode char U+00DF (decimal 223)
   defining Unicode char U+00E0 (decimal 224)
   defining Unicode char U+00E1 (decimal 225)
   defining Unicode char U+00E2 (decimal 226)
   defining Unicode char U+00E3 (decimal 227)
   defining Unicode char U+00E4 (decimal 228)
   defining Unicode char U+00E5 (decimal 229)
   defining Unicode char U+00E6 (decimal 230)
   defining Unicode char U+00E7 (decimal 231)
   defining Unicode char U+00E8 (decimal 232)
   defining Unicode char U+00E9 (decimal 233)
   defining Unicode char U+00EA (decimal 234)
   defining Unicode char U+00EB (decimal 235)
   defining Unicode char U+00EC (decimal 236)
   defining Unicode char U+00ED (decimal 237)
   defining Unicode char U+00EE (decimal 238)
   defining Unicode char U+00EF (decimal 239)
   defining Unicode char U+00F0 (decimal 240)
   defining Unicode char U+00F1 (decimal 241)
   defining Unicode char U+00F2 (decimal 242)
   defining Unicode char U+00F3 (decimal 243)
   defining Unicode char U+00F4 (decimal 244)
   defining Unicode char U+00F5 (decimal 245)
   defining Unicode char U+00F6 (decimal 246)
   defining Unicode char U+00F8 (decimal 248)
   defining Unicode char U+00F9 (decimal 249)
   defining Unicode char U+00FA (decimal 250)
   defining Unicode char U+00FB (decimal 251)
   defining Unicode char U+00FC (decimal 252)
   defining Unicode char U+00FD (decimal 253)
   defining Unicode char U+00FE (decimal 254)
   defining Unicode char U+00FF (decimal 255)
   defining Unicode char U+0100 (decimal 256)
   defining Unicode char U+0101 (decimal 257)
   defining Unicode char U+0102 (decimal 258)
   defining Unicode char U+0103 (decimal 259)
   defining Unicode char U+0104 (decimal 260)
   defining Unicode char U+0105 (decimal 261)
   defining Unicode char U+0106 (decimal 262)
   defining Unicode char U+0107 (decimal 263)
   defining Unicode char U+0108 (decimal 264)
   defining Unicode char U+0109 (decimal 265)
   defining Unicode char U+010A (decimal 266)
   defining Unicode char U+010B (decimal 267)
   defining Unicode char U+010C (decimal 268)
   defining Unicode char U+010D (decimal 269)
   defining Unicode char U+010E (decimal 270)
   defining Unicode char U+010F (decimal 271)
   defining Unicode char U+0110 (decimal 272)
   defining Unicode char U+0111 (decimal 273)
   defining Unicode char U+0112 (decimal 274)
   defining Unicode char U+0113 (decimal 275)
   defining Unicode char U+0114 (decimal 276)
   defining Unicode char U+0115 (decimal 277)
   defining Unicode char U+0116 (decimal 278)
   defining Unicode char U+0117 (decimal 279)
   defining Unicode char U+0118 (decimal 280)
   defining Unicode char U+0119 (decimal 281)
   defining Unicode char U+011A (decimal 282)
   defining Unicode char U+011B (decimal 283)
   defining Unicode char U+011C (decimal 284)
   defining Unicode char U+011D (decimal 285)
   defining Unicode char U+011E (decimal 286)
   defining Unicode char U+011F (decimal 287)
   defining Unicode char U+0120 (decimal 288)
   defining Unicode char U+0121 (decimal 289)
   defining Unicode char U+0122 (decimal 290)
   defining Unicode char U+0123 (decimal 291)
   defining Unicode char U+0124 (decimal 292)
   defining Unicode char U+0125 (decimal 293)
   defining Unicode char U+0128 (decimal 296)
   defining Unicode char U+0129 (decimal 297)
   defining Unicode char U+012A (decimal 298)
   defining Unicode char U+012B (decimal 299)
   defining Unicode char U+012C (decimal 300)
   defining Unicode char U+012D (decimal 301)
   defining Unicode char U+012E (decimal 302)
   defining Unicode char U+012F (decimal 303)
   defining Unicode char U+0130 (decimal 304)
   defining Unicode char U+0131 (decimal 305)
   defining Unicode char U+0132 (decimal 306)
   defining Unicode char U+0133 (decimal 307)
   defining Unicode char U+0134 (decimal 308)
   defining Unicode char U+0135 (decimal 309)
   defining Unicode char U+0136 (decimal 310)
   defining Unicode char U+0137 (decimal 311)
   defining Unicode char U+0139 (decimal 313)
   defining Unicode char U+013A (decimal 314)
   defining Unicode char U+013B (decimal 315)
   defining Unicode char U+013C (decimal 316)
   defining Unicode char U+013D (decimal 317)
   defining Unicode char U+013E (decimal 318)
   defining Unicode char U+0141 (decimal 321)
   defining Unicode char U+0142 (decimal 322)
   defining Unicode char U+0143 (decimal 323)
   defining Unicode char U+0144 (decimal 324)
   defining Unicode char U+0145 (decimal 325)
   defining Unicode char U+0146 (decimal 326)
   defining Unicode char U+0147 (decimal 327)
   defining Unicode char U+0148 (decimal 328)
   defining Unicode char U+014A (decimal 330)
   defining Unicode char U+014B (decimal 331)
   defining Unicode char U+014C (decimal 332)
   defining Unicode char U+014D (decimal 333)
   defining Unicode char U+014E (decimal 334)
   defining Unicode char U+014F (decimal 335)
   defining Unicode char U+0150 (decimal 336)
   defining Unicode char U+0151 (decimal 337)
   defining Unicode char U+0152 (decimal 338)
   defining Unicode char U+0153 (decimal 339)
   defining Unicode char U+0154 (decimal 340)
   defining Unicode char U+0155 (decimal 341)
   defining Unicode char U+0156 (decimal 342)
   defining Unicode char U+0157 (decimal 343)
   defining Unicode char U+0158 (decimal 344)
   defining Unicode char U+0159 (decimal 345)
   defining Unicode char U+015A (decimal 346)
   defining Unicode char U+015B (decimal 347)
   defining Unicode char U+015C (decimal 348)
   defining Unicode char U+015D (decimal 349)
   defining Unicode char U+015E (decimal 350)
   defining Unicode char U+015F (decimal 351)
   defining Unicode char U+0160 (decimal 352)
   defining Unicode char U+0161 (decimal 353)
   defining Unicode char U+0162 (decimal 354)
   defining Unicode char U+0163 (decimal 355)
   defining Unicode char U+0164 (decimal 356)
   defining Unicode char U+0165 (decimal 357)
   defining Unicode char U+0168 (decimal 360)
   defining Unicode char U+0169 (decimal 361)
   defining Unicode char U+016A (decimal 362)
   defining Unicode char U+016B (decimal 363)
   defining Unicode char U+016C (decimal 364)
   defining Unicode char U+016D (decimal 365)
   defining Unicode char U+016E (decimal 366)
   defining Unicode char U+016F (decimal 367)
   defining Unicode char U+0170 (decimal 368)
   defining Unicode char U+0171 (decimal 369)
   defining Unicode char U+0172 (decimal 370)
   defining Unicode char U+0173 (decimal 371)
   defining Unicode char U+0174 (decimal 372)
   defining Unicode char U+0175 (decimal 373)
   defining Unicode char U+0176 (decimal 374)
   defining Unicode char U+0177 (decimal 375)
   defining Unicode char U+0178 (decimal 376)
   defining Unicode char U+0179 (decimal 377)
   defining Unicode char U+017A (decimal 378)
   defining Unicode char U+017B (decimal 379)
   defining Unicode char U+017C (decimal 380)
   defining Unicode char U+017D (decimal 381)
   defining Unicode char U+017E (decimal 382)
   defining Unicode char U+01CD (decimal 461)
   defining Unicode char U+01CE (decimal 462)
   defining Unicode char U+01CF (decimal 463)
   defining Unicode char U+01D0 (decimal 464)
   defining Unicode char U+01D1 (decimal 465)
   defining Unicode char U+01D2 (decimal 466)
   defining Unicode char U+01D3 (decimal 467)
   defining Unicode char U+01D4 (decimal 468)
   defining Unicode char U+01E2 (decimal 482)
   defining Unicode char U+01E3 (decimal 483)
   defining Unicode char U+01E6 (decimal 486)
   defining Unicode char U+01E7 (decimal 487)
   defining Unicode char U+01E8 (decimal 488)
   defining Unicode char U+01E9 (decimal 489)
   defining Unicode char U+01EA (decimal 490)
   defining Unicode char U+01EB (decimal 491)
   defining Unicode char U+01F0 (decimal 496)
   defining Unicode char U+01F4 (decimal 500)
   defining Unicode char U+01F5 (decimal 501)
   defining Unicode char U+0218 (decimal 536)
   defining Unicode char U+0219 (decimal 537)
   defining Unicode char U+021A (decimal 538)
   defining Unicode char U+021B (decimal 539)
   defining Unicode char U+0232 (decimal 562)
   defining Unicode char U+0233 (decimal 563)
   defining Unicode char U+1E02 (decimal 7682)
   defining Unicode char U+1E03 (decimal 7683)
   defining Unicode char U+200C (decimal 8204)
   defining Unicode char U+2010 (decimal 8208)
   defining Unicode char U+2011 (decimal 8209)
   defining Unicode char U+2012 (decimal 8210)
   defining Unicode char U+2013 (decimal 8211)
   defining Unicode char U+2014 (decimal 8212)
   defining Unicode char U+2015 (decimal 8213)
   defining Unicode char U+2018 (decimal 8216)
   defining Unicode char U+2019 (decimal 8217)
   defining Unicode char U+201A (decimal 8218)
   defining Unicode char U+201C (decimal 8220)
   defining Unicode char U+201D (decimal 8221)
   defining Unicode char U+201E (decimal 8222)
   defining Unicode char U+2030 (decimal 8240)
   defining Unicode char U+2031 (decimal 8241)
   defining Unicode char U+2039 (decimal 8249)
   defining Unicode char U+203A (decimal 8250)
   defining Unicode char U+2423 (decimal 9251)
   defining Unicode char U+1E20 (decimal 7712)
   defining Unicode char U+1E21 (decimal 7713)
)
Now handling font encoding OT1 ...
... processing UTF-8 mapping file for font encoding OT1

(/usr/share/texlive/texmf-dist/tex/latex/base/ot1enc.dfu
File: ot1enc.dfu 2017/01/28 v1.1t UTF-8 support for inputenc
   defining Unicode char U+00A0 (decimal 160)
   defining Unicode char U+00A1 (decimal 161)
   defining Unicode char U+00A3 (decimal 163)
   defining Unicode char U+00AD (decimal 173)
   defining Unicode char U+00B8 (decimal 184)
   defining Unicode char U+00BF (decimal 191)
   defining Unicode char U+00C5 (decimal 197)
   defining Unicode char U+00C6 (decimal 198)
   defining Unicode char U+00D8 (decimal 216)
   defining Unicode char U+00DF (decimal 223)
   defining Unicode char U+00E6 (decimal 230)
   defining Unicode char U+00EC (decimal 236)
   defining Unicode char U+00ED (decimal 237)
   defining Unicode char U+00EE (decimal 238)
   defining Unicode char U+00EF (decimal 239)
   defining Unicode char U+00F8 (decimal 248)
   defining Unicode char U+0131 (decimal 305)
   defining Unicode char U+0141 (decimal 321)
   defining Unicode char U+0142 (decimal 322)
   defining Unicode char U+0152 (decimal 338)
   defining Unicode char U+0153 (decimal 339)
   defining Unicode char U+0174 (decimal 372)
   defining Unicode char U+0175 (decimal 373)
   defining Unicode char U+0176 (decimal 374)
   defining Unicode char U+0177 (decimal 375)
   defining Unicode char U+0218 (decimal 536)
   defining Unicode char U+0219 (decimal 537)
   defining Unicode char U+021A (decimal 538)
   defining Unicode char U+021B (decimal 539)
   defining Unicode char U+2013 (decimal 8211)
   defining Unicode char U+2014 (decimal 8212)
   defining Unicode char U+2018 (decimal 8216)
   defining Unicode char U+2019 (decimal 8217)
   defining Unicode char U+201C (decimal 8220)
   defining Unicode char U+201D (decimal 8221)
)
Now handling font encoding OMS ...
... processing UTF-8 mapping file for font encoding OMS

(/usr/share/texlive/texmf-dist/tex/latex/base/omsenc.dfu
File: omsenc.dfu 2017/01/28 v1.1t UTF-8 support for inputenc
   defining Unicode char U+00A7 (decimal 167)
   defining Unicode char U+00B6 (decimal 182)
   defining Unicode char U+00B7 (decimal 183)
   defining Unicode char U+2020 (decimal 8224)
   defining Unicode char U+2021 (decimal 8225)
   defining Unicode char U+2022 (decimal 8226)
)
Now handling font encoding OMX ...
... no UTF-8 mapping file for font encoding OMX
Now handling font encoding U ...
... no UTF-8 mapping file for font encoding U
   defining Unicode char U+00A9 (decimal 169)
   defining Unicode char U+00AA (decimal 170)
   defining Unicode char U+00AE (decimal 174)
   defining Unicode char U+00BA (decimal 186)
   defining Unicode char U+02C6 (decimal 710)
   defining Unicode char U+02DC (decimal 732)
   defining Unicode char U+200C (decimal 8204)
   defining Unicode char U+2026 (decimal 8230)
   defining Unicode char U+2122 (decimal 8482)
   defining Unicode char U+2423 (decimal 9251)
))
(/usr/share/texlive/texmf-dist/tex/latex/tools/multicol.sty
Package: multicol 2017/04/11 v1.8q multicolumn formatting (FMi)
\c@tracingmulticols=\count333
\mult@box=\box29
\multicol@leftmargin=\dimen116
\c@unbalance=\count334
\c@collectmore=\count335
\doublecol@number=\count336
\multicoltolerance=\count337
\multicolpretolerance=\count338
\full@width=\dimen117
\page@free=\dimen118
\premulticols=\dimen119
\postmulticols=\dimen120
\multicolsep=\skip87
\multicolbaselineskip=\skip88
\partial@page=\box30
\last@line=\box31
\maxbalancingoverflow=\dimen121
\mult@rightbox=\box32
\mult@grightbox=\box33
\mult@gfirstbox=\box34
\mult@firstbox=\box35
\@tempa=\box36
\@tempa=\box37
\@tempa=\box38
\@tempa=\box39
\@tempa=\box40
\@tempa=\box41
\@tempa=\box42
\@tempa=\box43
\@tempa=\box44
\@tempa=\box45
\@tempa=\box46
\@tempa=\box47
\@tempa=\box48
\@tempa=\box49
\@tempa=\box50
\@tempa=\box51
\@tempa=\box52
\c@columnbadness=\count339
\c@finalcolumnbadness=\count340
\last@try=\dimen122
\multicolovershoot=\dimen123
\multicolundershoot=\dimen124
\mult@nat@firstbox=\box53
\colbreak@box=\box54
\mc@col@check@num=\count341
)
(/usr/share/texlive/texmf-dist/tex/latex/microtype/microtype.sty
Package: microtype 2018/01/14 v2.7a Micro-typographical refinements (RS)
\MT@toks=\toks27
\MT@count=\count342
LaTeX Info: Redefining \textls on input line 793.
\MT@outer@kern=\dimen125
LaTeX Info: Redefining \textmicrotypecontext on input line 1339.
\MT@listname@count=\count343

(/usr/share/texlive/texmf-dist/tex/latex/microtype/microtype-pdftex.def
File: microtype-pdftex.def 2018/01/14 v2.7a Definitions specific to pdftex (RS)

LaTeX Info: Redefining \lsstyle on input line 913.
LaTeX Info: Redefining \lslig on input line 913.
\MT@outer@space=\skip89
)
Package microtype Info: Loading configuration file microtype.cfg.

(/usr/share/texlive/texmf-dist/tex/latex/microtype/microtype.cfg
File: microtype.cfg 2018/01/14 v2.7a microtype main configuration file (RS)
))
Package biblatex Info: Trying to load language 'finnish'...
Package biblatex Info: ... file 'finnish.lbx' found.

(/usr/share/texlive/texmf-dist/tex/latex/biblatex/lbx/finnish.lbx
File: finnish.lbx 2017/12/19 v3.10 biblatex localization (PK/JW/AB)
)

Package biblatex Warning: 'babel/polyglossia' detected but 'csquotes' missing.
(biblatex)                Loading 'csquotes' recommended.

\@quotelevel=\count344
\@quotereset=\count345

LaTeX Warning: Unused global option(s):
    [a3paper].

(./Kappale8.aux (./SMIII/Kappale1.aux

LaTeX Warning: Label `question@1' multiply defined.


LaTeX Warning: Label `question@2' multiply defined.


LaTeX Warning: Label `question@3' multiply defined.


LaTeX Warning: Label `question@4' multiply defined.


LaTeX Warning: Label `question@5' multiply defined.


LaTeX Warning: Label `question@6' multiply defined.


LaTeX Warning: Label `question@7' multiply defined.


LaTeX Warning: Label `question@8' multiply defined.


LaTeX Warning: Label `question@9' multiply defined.


LaTeX Warning: Label `question@10' multiply defined.


LaTeX Warning: Label `question@11' multiply defined.


LaTeX Warning: Label `question@12' multiply defined.


LaTeX Warning: Label `question@13' multiply defined.


LaTeX Warning: Label `question@14' multiply defined.


LaTeX Warning: Label `question@15' multiply defined.


LaTeX Warning: Label `question@16' multiply defined.


LaTeX Warning: Label `question@17' multiply defined.


LaTeX Warning: Label `question@18' multiply defined.


LaTeX Warning: Label `question@19' multiply defined.


LaTeX Warning: Label `question@20' multiply defined.


LaTeX Warning: Label `question@21' multiply defined.


LaTeX Warning: Label `question@22' multiply defined.


LaTeX Warning: Label `question@23' multiply defined.


LaTeX Warning: Label `question@24' multiply defined.


LaTeX Warning: Label `question@25' multiply defined.


LaTeX Warning: Label `question@26' multiply defined.


LaTeX Warning: Label `question@27' multiply defined.


LaTeX Warning: Label `question@28' multiply defined.


LaTeX Warning: Label `question@29' multiply defined.


LaTeX Warning: Label `question@30' multiply defined.


LaTeX Warning: Label `question@31' multiply defined.


LaTeX Warning: Label `question@32' multiply defined.


LaTeX Warning: Label `question@33' multiply defined.


LaTeX Warning: Label `question@34' multiply defined.


LaTeX Warning: Label `question@35' multiply defined.


LaTeX Warning: Label `question@36' multiply defined.


LaTeX Warning: Label `question@37' multiply defined.


LaTeX Warning: Label `question@38' multiply defined.


LaTeX Warning: Label `question@39' multiply defined.


LaTeX Warning: Label `question@40' multiply defined.


LaTeX Warning: Label `question@41' multiply defined.


LaTeX Warning: Label `question@42' multiply defined.


LaTeX Warning: Label `question@43' multiply defined.


LaTeX Warning: Label `question@44' multiply defined.


LaTeX Warning: Label `question@45' multiply defined.


LaTeX Warning: Label `question@46' multiply defined.


LaTeX Warning: Label `question@47' multiply defined.


LaTeX Warning: Label `question@48' multiply defined.


LaTeX Warning: Label `question@49' multiply defined.


LaTeX Warning: Label `question@50' multiply defined.


LaTeX Warning: Label `question@51' multiply defined.


LaTeX Warning: Label `question@52' multiply defined.


LaTeX Warning: Label `question@53' multiply defined.


LaTeX Warning: Label `question@54' multiply defined.


LaTeX Warning: Label `question@55' multiply defined.


LaTeX Warning: Label `question@56' multiply defined.


LaTeX Warning: Label `question@57' multiply defined.


LaTeX Warning: Label `question@58' multiply defined.


LaTeX Warning: Label `question@59' multiply defined.


LaTeX Warning: Label `question@60' multiply defined.


LaTeX Warning: Label `question@61' multiply defined.


LaTeX Warning: Label `question@62' multiply defined.


LaTeX Warning: Label `question@63' multiply defined.


LaTeX Warning: Label `question@64' multiply defined.


LaTeX Warning: Label `question@65' multiply defined.


LaTeX Warning: Label `question@66' multiply defined.


LaTeX Warning: Label `question@67' multiply defined.


LaTeX Warning: Label `question@68' multiply defined.


LaTeX Warning: Label `question@69' multiply defined.


LaTeX Warning: Label `question@70' multiply defined.


LaTeX Warning: Label `question@71' multiply defined.


LaTeX Warning: Label `question@72' multiply defined.


LaTeX Warning: Label `question@73' multiply defined.


LaTeX Warning: Label `question@74' multiply defined.


LaTeX Warning: Label `question@75' multiply defined.


LaTeX Warning: Label `question@76' multiply defined.


LaTeX Warning: Label `question@77' multiply defined.


LaTeX Warning: Label `question@78' multiply defined.


LaTeX Warning: Label `question@79' multiply defined.


LaTeX Warning: Label `question@80' multiply defined.


LaTeX Warning: Label `question@81' multiply defined.


LaTeX Warning: Label `question@82' multiply defined.


LaTeX Warning: Label `question@83' multiply defined.


LaTeX Warning: Label `question@84' multiply defined.


LaTeX Warning: Label `question@85' multiply defined.


LaTeX Warning: Label `question@86' multiply defined.


LaTeX Warning: Label `question@87' multiply defined.


LaTeX Warning: Label `question@88' multiply defined.

) (./SMIII/Kappale2.aux

LaTeX Warning: Label `question@1' multiply defined.


LaTeX Warning: Label `question@2' multiply defined.


LaTeX Warning: Label `question@3' multiply defined.


LaTeX Warning: Label `question@4' multiply defined.


LaTeX Warning: Label `question@5' multiply defined.


LaTeX Warning: Label `question@6' multiply defined.


LaTeX Warning: Label `question@7' multiply defined.


LaTeX Warning: Label `question@8' multiply defined.


LaTeX Warning: Label `question@9' multiply defined.


LaTeX Warning: Label `question@10' multiply defined.


LaTeX Warning: Label `question@11' multiply defined.


LaTeX Warning: Label `question@12' multiply defined.


LaTeX Warning: Label `question@13' multiply defined.


LaTeX Warning: Label `question@14' multiply defined.


LaTeX Warning: Label `question@15' multiply defined.


LaTeX Warning: Label `question@16' multiply defined.


LaTeX Warning: Label `question@17' multiply defined.


LaTeX Warning: Label `question@18' multiply defined.


LaTeX Warning: Label `question@19' multiply defined.


LaTeX Warning: Label `question@20' multiply defined.


LaTeX Warning: Label `question@21' multiply defined.


LaTeX Warning: Label `question@22' multiply defined.


LaTeX Warning: Label `question@23' multiply defined.


LaTeX Warning: Label `question@24' multiply defined.


LaTeX Warning: Label `question@25' multiply defined.


LaTeX Warning: Label `question@26' multiply defined.


LaTeX Warning: Label `question@27' multiply defined.


LaTeX Warning: Label `question@28' multiply defined.


LaTeX Warning: Label `question@29' multiply defined.


LaTeX Warning: Label `question@30' multiply defined.


LaTeX Warning: Label `question@31' multiply defined.


LaTeX Warning: Label `question@32' multiply defined.


LaTeX Warning: Label `question@33' multiply defined.


LaTeX Warning: Label `question@34' multiply defined.


LaTeX Warning: Label `question@35' multiply defined.


LaTeX Warning: Label `question@36' multiply defined.


LaTeX Warning: Label `question@37' multiply defined.


LaTeX Warning: Label `question@38' multiply defined.


LaTeX Warning: Label `question@39' multiply defined.


LaTeX Warning: Label `question@40' multiply defined.


LaTeX Warning: Label `question@41' multiply defined.


LaTeX Warning: Label `question@42' multiply defined.


LaTeX Warning: Label `question@43' multiply defined.


LaTeX Warning: Label `question@44' multiply defined.


LaTeX Warning: Label `question@45' multiply defined.


LaTeX Warning: Label `question@46' multiply defined.


LaTeX Warning: Label `question@47' multiply defined.


LaTeX Warning: Label `question@48' multiply defined.


LaTeX Warning: Label `question@49' multiply defined.


LaTeX Warning: Label `question@50' multiply defined.


LaTeX Warning: Label `question@51' multiply defined.


LaTeX Warning: Label `question@52' multiply defined.


LaTeX Warning: Label `question@53' multiply defined.


LaTeX Warning: Label `question@54' multiply defined.


LaTeX Warning: Label `question@55' multiply defined.


LaTeX Warning: Label `question@56' multiply defined.


LaTeX Warning: Label `question@57' multiply defined.


LaTeX Warning: Label `question@58' multiply defined.


LaTeX Warning: Label `question@59' multiply defined.


LaTeX Warning: Label `question@60' multiply defined.


LaTeX Warning: Label `question@61' multiply defined.


LaTeX Warning: Label `question@62' multiply defined.


LaTeX Warning: Label `question@63' multiply defined.


LaTeX Warning: Label `question@64' multiply defined.


LaTeX Warning: Label `question@65' multiply defined.


LaTeX Warning: Label `question@66' multiply defined.


LaTeX Warning: Label `question@67' multiply defined.


LaTeX Warning: Label `question@68' multiply defined.


LaTeX Warning: Label `question@69' multiply defined.


LaTeX Warning: Label `question@70' multiply defined.


LaTeX Warning: Label `question@71' multiply defined.


LaTeX Warning: Label `question@72' multiply defined.


LaTeX Warning: Label `question@73' multiply defined.


LaTeX Warning: Label `question@74' multiply defined.


LaTeX Warning: Label `question@75' multiply defined.


LaTeX Warning: Label `question@76' multiply defined.


LaTeX Warning: Label `question@77' multiply defined.


LaTeX Warning: Label `question@78' multiply defined.


LaTeX Warning: Label `question@79' multiply defined.


LaTeX Warning: Label `question@80' multiply defined.


LaTeX Warning: Label `question@81' multiply defined.


LaTeX Warning: Label `question@82' multiply defined.


LaTeX Warning: Label `question@83' multiply defined.


LaTeX Warning: Label `question@84' multiply defined.


LaTeX Warning: Label `question@85' multiply defined.


LaTeX Warning: Label `question@86' multiply defined.


LaTeX Warning: Label `question@87' multiply defined.


LaTeX Warning: Label `question@88' multiply defined.


LaTeX Warning: Label `question@89' multiply defined.


LaTeX Warning: Label `question@90' multiply defined.


LaTeX Warning: Label `question@91' multiply defined.


LaTeX Warning: Label `question@92' multiply defined.


LaTeX Warning: Label `question@93' multiply defined.


LaTeX Warning: Label `question@94' multiply defined.


LaTeX Warning: Label `question@95' multiply defined.


LaTeX Warning: Label `question@96' multiply defined.


LaTeX Warning: Label `question@97' multiply defined.


LaTeX Warning: Label `question@98' multiply defined.


LaTeX Warning: Label `question@99' multiply defined.


LaTeX Warning: Label `question@100' multiply defined.


LaTeX Warning: Label `question@101' multiply defined.


LaTeX Warning: Label `question@102' multiply defined.


LaTeX Warning: Label `question@103' multiply defined.


LaTeX Warning: Label `question@104' multiply defined.


LaTeX Warning: Label `question@105' multiply defined.


LaTeX Warning: Label `question@106' multiply defined.


LaTeX Warning: Label `question@107' multiply defined.


LaTeX Warning: Label `question@108' multiply defined.


LaTeX Warning: Label `question@109' multiply defined.


LaTeX Warning: Label `question@110' multiply defined.


LaTeX Warning: Label `question@111' multiply defined.


LaTeX Warning: Label `question@112' multiply defined.


LaTeX Warning: Label `question@113' multiply defined.


LaTeX Warning: Label `question@114' multiply defined.


LaTeX Warning: Label `question@115' multiply defined.


LaTeX Warning: Label `question@116' multiply defined.


LaTeX Warning: Label `question@117' multiply defined.


LaTeX Warning: Label `question@118' multiply defined.


LaTeX Warning: Label `question@119' multiply defined.


LaTeX Warning: Label `question@120' multiply defined.


LaTeX Warning: Label `question@121' multiply defined.


LaTeX Warning: Label `question@122' multiply defined.


LaTeX Warning: Label `question@123' multiply defined.


LaTeX Warning: Label `question@124' multiply defined.


LaTeX Warning: Label `question@125' multiply defined.


LaTeX Warning: Label `question@126' multiply defined.


LaTeX Warning: Label `question@127' multiply defined.


LaTeX Warning: Label `question@128' multiply defined.


LaTeX Warning: Label `question@129' multiply defined.


LaTeX Warning: Label `question@130' multiply defined.


LaTeX Warning: Label `question@131' multiply defined.


LaTeX Warning: Label `question@132' multiply defined.


LaTeX Warning: Label `question@133' multiply defined.


LaTeX Warning: Label `question@134' multiply defined.


LaTeX Warning: Label `question@135' multiply defined.


LaTeX Warning: Label `question@136' multiply defined.


LaTeX Warning: Label `question@137' multiply defined.


LaTeX Warning: Label `question@138' multiply defined.


LaTeX Warning: Label `question@139' multiply defined.


LaTeX Warning: Label `question@140' multiply defined.


LaTeX Warning: Label `question@141' multiply defined.


LaTeX Warning: Label `question@142' multiply defined.


LaTeX Warning: Label `question@143' multiply defined.


LaTeX Warning: Label `question@144' multiply defined.


LaTeX Warning: Label `question@145' multiply defined.


LaTeX Warning: Label `question@146' multiply defined.


LaTeX Warning: Label `question@147' multiply defined.


LaTeX Warning: Label `question@148' multiply defined.


LaTeX Warning: Label `question@149' multiply defined.


LaTeX Warning: Label `question@150' multiply defined.


LaTeX Warning: Label `question@151' multiply defined.


LaTeX Warning: Label `question@152' multiply defined.


LaTeX Warning: Label `question@153' multiply defined.


LaTeX Warning: Label `question@154' multiply defined.


LaTeX Warning: Label `question@155' multiply defined.


LaTeX Warning: Label `question@156' multiply defined.


LaTeX Warning: Label `question@157' multiply defined.


LaTeX Warning: Label `question@158' multiply defined.


LaTeX Warning: Label `question@159' multiply defined.


LaTeX Warning: Label `question@160' multiply defined.


LaTeX Warning: Label `question@161' multiply defined.


LaTeX Warning: Label `question@162' multiply defined.


LaTeX Warning: Label `question@163' multiply defined.


LaTeX Warning: Label `question@164' multiply defined.


LaTeX Warning: Label `question@165' multiply defined.


LaTeX Warning: Label `question@166' multiply defined.


LaTeX Warning: Label `question@167' multiply defined.


LaTeX Warning: Label `question@168' multiply defined.


LaTeX Warning: Label `question@169' multiply defined.


LaTeX Warning: Label `question@170' multiply defined.


LaTeX Warning: Label `question@171' multiply defined.


LaTeX Warning: Label `question@172' multiply defined.


LaTeX Warning: Label `question@173' multiply defined.


LaTeX Warning: Label `question@174' multiply defined.


LaTeX Warning: Label `question@175' multiply defined.


LaTeX Warning: Label `question@176' multiply defined.


LaTeX Warning: Label `question@177' multiply defined.

) (./FT/Unit1.aux

LaTeX Warning: Label `question@1' multiply defined.


LaTeX Warning: Label `question@2' multiply defined.


LaTeX Warning: Label `question@3' multiply defined.


LaTeX Warning: Label `question@4' multiply defined.


LaTeX Warning: Label `question@5' multiply defined.


LaTeX Warning: Label `question@6' multiply defined.


LaTeX Warning: Label `question@7' multiply defined.


LaTeX Warning: Label `question@8' multiply defined.


LaTeX Warning: Label `question@9' multiply defined.


LaTeX Warning: Label `question@10' multiply defined.


LaTeX Warning: Label `question@11' multiply defined.


LaTeX Warning: Label `question@12' multiply defined.


LaTeX Warning: Label `question@13' multiply defined.


LaTeX Warning: Label `question@14' multiply defined.


LaTeX Warning: Label `question@15' multiply defined.


LaTeX Warning: Label `question@16' multiply defined.


LaTeX Warning: Label `question@17' multiply defined.


LaTeX Warning: Label `question@18' multiply defined.


LaTeX Warning: Label `question@19' multiply defined.


LaTeX Warning: Label `question@20' multiply defined.


LaTeX Warning: Label `question@21' multiply defined.


LaTeX Warning: Label `question@22' multiply defined.


LaTeX Warning: Label `question@23' multiply defined.


LaTeX Warning: Label `question@24' multiply defined.


LaTeX Warning: Label `question@25' multiply defined.


LaTeX Warning: Label `question@26' multiply defined.


LaTeX Warning: Label `question@27' multiply defined.


LaTeX Warning: Label `question@28' multiply defined.


LaTeX Warning: Label `question@29' multiply defined.


LaTeX Warning: Label `question@30' multiply defined.


LaTeX Warning: Label `question@31' multiply defined.


LaTeX Warning: Label `question@32' multiply defined.


LaTeX Warning: Label `question@33' multiply defined.


LaTeX Warning: Label `question@34' multiply defined.


LaTeX Warning: Label `question@35' multiply defined.


LaTeX Warning: Label `question@36' multiply defined.


LaTeX Warning: Label `question@37' multiply defined.


LaTeX Warning: Label `question@38' multiply defined.


LaTeX Warning: Label `question@39' multiply defined.


LaTeX Warning: Label `question@40' multiply defined.


LaTeX Warning: Label `question@41' multiply defined.


LaTeX Warning: Label `question@42' multiply defined.


LaTeX Warning: Label `question@43' multiply defined.


LaTeX Warning: Label `question@44' multiply defined.


LaTeX Warning: Label `question@45' multiply defined.


LaTeX Warning: Label `question@46' multiply defined.


LaTeX Warning: Label `question@47' multiply defined.


LaTeX Warning: Label `question@48' multiply defined.


LaTeX Warning: Label `question@49' multiply defined.


LaTeX Warning: Label `question@50' multiply defined.


LaTeX Warning: Label `question@51' multiply defined.


LaTeX Warning: Label `question@52' multiply defined.


LaTeX Warning: Label `question@53' multiply defined.


LaTeX Warning: Label `question@54' multiply defined.


LaTeX Warning: Label `question@55' multiply defined.


LaTeX Warning: Label `question@56' multiply defined.


LaTeX Warning: Label `question@57' multiply defined.


LaTeX Warning: Label `question@58' multiply defined.


LaTeX Warning: Label `question@59' multiply defined.


LaTeX Warning: Label `question@60' multiply defined.


LaTeX Warning: Label `question@61' multiply defined.


LaTeX Warning: Label `question@62' multiply defined.


LaTeX Warning: Label `question@63' multiply defined.


LaTeX Warning: Label `question@64' multiply defined.


LaTeX Warning: Label `question@65' multiply defined.

) (./FT/Unit2.aux

LaTeX Warning: Label `question@1' multiply defined.


LaTeX Warning: Label `question@2' multiply defined.


LaTeX Warning: Label `question@3' multiply defined.


LaTeX Warning: Label `question@4' multiply defined.


LaTeX Warning: Label `question@5' multiply defined.

))
\openout1 = `Kappale8.aux'.

LaTeX Font Info:    Checking defaults for OML/cmm/m/it on input line 19.
LaTeX Font Info:    ... okay on input line 19.
LaTeX Font Info:    Checking defaults for T1/cmr/m/n on input line 19.
LaTeX Font Info:    ... okay on input line 19.
LaTeX Font Info:    Checking defaults for OT1/cmr/m/n on input line 19.
LaTeX Font Info:    ... okay on input line 19.
LaTeX Font Info:    Checking defaults for OMS/cmsy/m/n on input line 19.
LaTeX Font Info:    ... okay on input line 19.
LaTeX Font Info:    Checking defaults for OMX/cmex/m/n on input line 19.
LaTeX Font Info:    ... okay on input line 19.
LaTeX Font Info:    Checking defaults for U/cmr/m/n on input line 19.
LaTeX Font Info:    ... okay on input line 19.
Package biblatex Info: Input encoding 'utf8' detected.
Package biblatex Info: Automatic encoding selection.
(biblatex)             Assuming data encoding 'utf8'.
\openout4 = `Kappale8.bcf'.

Package biblatex Info: Trying to load bibliographic data...
Package biblatex Info: ... file 'Kappale8.bbl' found.
 (./Kappale8.bbl)
Package biblatex Info: Reference section=0 on input line 19.
Package biblatex Info: Reference segment=0 on input line 19.
LaTeX Info: Redefining \microtypecontext on input line 19.
Package microtype Info: Generating DVI output.
Package microtype Info: Character protrusion enabled (level 2).
Package microtype Info: Using default protrusion set `alltext'.
Package microtype Info: No font expansion.
Package microtype Info: No adjustment of tracking.
Package microtype Info: No adjustment of interword spacing.
Package microtype Info: No adjustment of character kerning.

(/usr/share/texlive/texmf-dist/tex/latex/microtype/mt-cmr.cfg
File: mt-cmr.cfg 2013/05/19 v2.2 microtype config. file: Computer Modern Roman 
(RS)
)
LaTeX Font Info:    Try loading font information for OMS+cmr on input line 25.

(/usr/share/texlive/texmf-dist/tex/latex/base/omscmr.fd
File: omscmr.fd 2014/09/29 v2.5h Standard LaTeX font definitions
)
LaTeX Font Info:    Font shape `OMS/cmr/m/n' in size <8> not available
(Font)              Font shape `OMS/cmsy/m/n' tried instead on input line 25.
LaTeX Font Info:    Font shape `OMS/cmr/m/n' in size <6> not available
(Font)              Font shape `OMS/cmsy/m/n' tried instead on input line 25.
 [1

]
Overfull \hbox (17.0pt too wide) in paragraph at lines 43--44
[][] 
 []


Overfull \hbox (17.0pt too wide) in paragraph at lines 47--48
[][] 
 []

(./SMII/Kappale8.tex
Overfull \hbox (48.79272pt too wide) in paragraph at lines 4--35
 [] 
 []

[1

]
Overfull \hbox (1.29315pt too wide) in paragraph at lines 113--114
[]\OT1/cmr/m/n/10.95 inferior qua-li-ty [] 
 []

) [2]
\openout2 = `SMIII/Kappale1.aux'.

 (./SMIII/Kappale1.tex
Overfull \hbox (51.83444pt too wide) in paragraph at lines 4--75
 [] 
 []

[3

]
Overfull \hbox (7.4373pt too wide) in paragraph at lines 87--88
\OT1/cmr/m/n/10.95 reduce/decrease [] 
 []

[4] [5]) [6]
\openout2 = `SMIII/Kappale2.aux'.

 (./SMIII/Kappale2.tex
Overfull \hbox (37.43158pt too wide) in paragraph at lines 4--46
 [] 
 []

[7


] [8]) [9]
\openout2 = `FT/Unit1.aux'.

 (./FT/Unit1.tex [10


]) [11]
\openout2 = `FT/Unit2.aux'.

 (./FT/Unit2.tex) [12


] [13

]
This exam contains 582 questions with 0 parts, 0 subparts, and 0 subsubparts.
This exam has a total of 0 points.
This exam has a total of 0 bonus points.
(./Kappale8.aux (./SMIII/Kappale1.aux) (./SMIII/Kappale2.aux) (./FT/Unit1.aux)
(./FT/Unit2.aux))

LaTeX Warning: There were multiply-defined labels.

Package logreq Info: Writing requests to 'Kappale8.run.xml'.
\openout1 = `Kappale8.run.xml'.

 ) 
Here is how much of TeX's memory you used:
 12777 strings out of 492983
 214053 string characters out of 6134921
 706904 words of memory out of 5000000
 16206 multiletter control sequences out of 15000+600000
 11766 words of font info for 42 fonts, out of 8000000 for 9000
 1141 hyphenation exceptions out of 8191
 45i,9n,45p,825b,2022s stack positions out of 5000i,500n,10000p,200000b,80000s

Output written on Kappale8.dvi (14 pages, 50688 bytes).
