\BOOKMARK [0][-]{part.1}{\376\377\0001\000\040\000P\000G\000F\000P\000L\000O\000T\000S}{}% 1
\BOOKMARK [1][-]{section.1}{\376\377\000T\000h\000e\000\040\000B\000a\000s\000i\000c}{part.1}% 2
\BOOKMARK [1][-]{section.2}{\376\377\0002\000D\000\040\000P\000l\000o\000t}{part.1}% 3
\BOOKMARK [2][-]{subsection.2.1}{\376\377\000P\000l\000o\000t\000t\000i\000n\000g\000\040\000f\000r\000o\000m\000\040\000d\000a\000t\000a}{section.2}% 4
\BOOKMARK [2][-]{subsection.2.2}{\376\377\000S\000c\000a\000t\000t\000e\000r\000\040\000p\000l\000o\000t\000s}{section.2}% 5
\BOOKMARK [2][-]{subsection.2.3}{\376\377\000B\000a\000r\000\040\000g\000r\000a\000p\000h\000s}{section.2}% 6
\BOOKMARK [1][-]{section.3}{\376\377\0003\000D\000\040\000P\000l\000o\000t\000s}{part.1}% 7
\BOOKMARK [2][-]{subsection.3.1}{\376\377\000C\000o\000n\000t\000o\000u\000r\000\040\000p\000l\000o\000t}{section.3}% 8
\BOOKMARK [2][-]{subsection.3.2}{\376\377\000P\000l\000o\000t\000t\000i\000n\000g\000\040\000a\000\040\000s\000u\000r\000f\000a\000c\000e\000\040\000f\000r\000o\000m\000\040\000d\000a\000t\000a}{section.3}% 9
\BOOKMARK [2][-]{subsection.3.3}{\376\377\000P\000l\000o\000t\000i\000n\000g\000\040\000p\000a\000r\000a\000m\000e\000t\000r\000i\000c\000\040\000c\000u\000r\000v\000e}{section.3}% 10
\BOOKMARK [0][-]{part.2}{\376\377\0002\000\040\000T\000i\000k\000z\000\040\000p\000a\000c\000k\000a\000g\000e}{}% 11
\BOOKMARK [1][-]{section.1}{\376\377\000H\000o\000t\000e\000l\000l\000i\000n\000g}{part.2}% 12
\BOOKMARK [1][-]{section.2}{\376\377\000V\000e\000r\000t\000i\000c\000a\000l\000\040\000d\000i\000f\000f\000e\000r\000e\000n\000t\000i\000a\000t\000i\000o\000n}{part.2}% 13
\BOOKMARK [1][-]{section.3}{\376\377\000A\000\040\000c\000u\000r\000v\000e}{part.2}% 14
\BOOKMARK [1][-]{section.4}{\376\377\000T\000a\000n\000g\000e\000n\000c\000y}{part.2}% 15
\BOOKMARK [1][-]{section.5}{\376\377\000C\000o\000n\000s\000u\000m\000e\000r\000\040\000s\000u\000r\000p\000l\000u\000s}{part.2}% 16
\BOOKMARK [1][-]{section.6}{\376\377\000P\000l\000o\000t\000t\000i\000n\000g\000\040\000l\000o\000t\000s\000\040\000o\000f\000\040\000c\000u\000r\000v\000e\000s}{part.2}% 17
\BOOKMARK [1][-]{section*.1}{\376\377\000W\000h\000o\000l\000e\000\040\000b\000i\000b\000l\000i\000o\000g\000r\000a\000p\000h\000y}{part.2}% 18
\BOOKMARK [2][-]{section*.2}{\376\377\000F\000r\000o\000m\000\040\000m\000a\000n\000u\000a\000l\000s}{section*.1}% 19
\BOOKMARK [2][-]{section*.3}{\376\377\000F\000r\000o\000m\000\040\000o\000n\000l\000i\000n\000e\000\040\000s\000o\000u\000r\000c\000e\000s}{section*.1}% 20
