This is pdfTeX, Version 3.14159265-2.6-1.40.17 (TeX Live 2016) (preloaded format=pdflatex 2017.5.26)  6 JUN 2017 23:18
entering extended mode
 restricted \write18 enabled.
 file:line:error style messages enabled.
 %&-line parsing enabled.
**tutorial.tex
(./tutorial.tex
LaTeX2e <2017/01/01> patch level 3
Babel <3.9r> and hyphenation patterns for 83 language(s) loaded.
(/usr/local/texlive/2016/texmf-dist/tex/latex/base/article.cls
Document Class: article 2014/09/29 v1.4h Standard LaTeX document class
(/usr/local/texlive/2016/texmf-dist/tex/latex/base/size11.clo
File: size11.clo 2014/09/29 v1.4h Standard LaTeX file (size option)
)
\c@part=\count79
\c@section=\count80
\c@subsection=\count81
\c@subsubsection=\count82
\c@paragraph=\count83
\c@subparagraph=\count84
\c@figure=\count85
\c@table=\count86
\abovecaptionskip=\skip41
\belowcaptionskip=\skip42
\bibindent=\dimen102
) (./tutorial.aux)
\openout1 = `tutorial.aux'.

LaTeX Font Info:    Checking defaults for OML/cmm/m/it on input line 6.
LaTeX Font Info:    ... okay on input line 6.
LaTeX Font Info:    Checking defaults for T1/cmr/m/n on input line 6.
LaTeX Font Info:    ... okay on input line 6.
LaTeX Font Info:    Checking defaults for OT1/cmr/m/n on input line 6.
LaTeX Font Info:    ... okay on input line 6.
LaTeX Font Info:    Checking defaults for OMS/cmsy/m/n on input line 6.
LaTeX Font Info:    ... okay on input line 6.
LaTeX Font Info:    Checking defaults for OMX/cmex/m/n on input line 6.
LaTeX Font Info:    ... okay on input line 6.
LaTeX Font Info:    Checking defaults for U/cmr/m/n on input line 6.
LaTeX Font Info:    ... okay on input line 6.
LaTeX Font Info:    External font `cmex10' loaded for size
(Font)              <12> on input line 7.
LaTeX Font Info:    External font `cmex10' loaded for size
(Font)              <8> on input line 7.
LaTeX Font Info:    External font `cmex10' loaded for size
(Font)              <6> on input line 7.
 (./tutorial.toc)
\tf@toc=\write3
\openout3 = `tutorial.toc'.

 [1

{/usr/local/texlive/2016/texmf-var/fonts/map/pdftex/updmap/pdftex.map}] (./eg1.tex
\plotpoint=\box26
LaTeX Font Info:    External font `cmex10' loaded for size
(Font)              <10.95> on input line 8.
)
Overfull \hbox (1.35864pt too wide) in paragraph at lines 269--16
 [] 
 []


Overfull \hbox (14.88591pt too wide) in paragraph at lines 11--20
\OT1/cmr/m/n/10.95 Figure 1[] is a ba-sic plot, us-ing with `set key'/`unset key' com-mand to add/remove
 []

(./eg2.tex)
Overfull \hbox (1.35864pt too wide) in paragraph at lines 262--25
 [] 
 []

(./eg3.tex)
Overfull \hbox (1.35864pt too wide) in paragraph at lines 354--34
 [] 
 []

(./eg4.tex)
Overfull \hbox (1.35864pt too wide) in paragraph at lines 256--44
 [] 
 []

(./eg5.tex)
Overfull \hbox (1.35864pt too wide) in paragraph at lines 244--55
 [] 
 []

(./test.tex

./test.tex:51: LaTeX Error: Command \Box not provided in base LaTeX2e.

See the LaTeX manual or LaTeX Companion for explanation.
Type  H <return>  for immediate help.
 ...                                              
                                                  
l.51 ...){\raisebox{-.8pt}{\makebox(0,0){$\Box$}}}
                                                  
Load the latexsym or the amsfonts package to define this symbol

./test.tex:54: Undefined control sequence.
<recently read> \blacksquare 
                             
l.54 \put(1470,913){\makebox(0,0){$\blacksquare$}}
                                                  
The control sequence at the end of the top line
of your error message was never \def'ed. If you have
misspelled it (e.g., `\hobx'), type `I' and the correct
spelling (e.g., `I\hbox'). Otherwise just continue,
and I'll forget about whatever was undefined.

./test.tex:70: Undefined control sequence.
<recently read> \blacktriangle 
                               
l.70 ...1470,749){\makebox(0,0){$\blacktriangle$}}
                                                  
The control sequence at the end of the top line
of your error message was never \def'ed. If you have
misspelled it (e.g., `\hobx'), type `I' and the correct
spelling (e.g., `I\hbox'). Otherwise just continue,
and I'll forget about whatever was undefined.

./test.tex:75: Undefined control sequence.
<recently read> \triangledown 
                              
l.75 ...(1470,708){\makebox(0,0){$\triangledown$}}
                                                  
The control sequence at the end of the top line
of your error message was never \def'ed. If you have
misspelled it (e.g., `\hobx'), type `I' and the correct
spelling (e.g., `I\hbox'). Otherwise just continue,
and I'll forget about whatever was undefined.

./test.tex:78: Undefined control sequence.
<recently read> \blacktriangledown 
                                   
l.78 ...,667){\makebox(0,0){$\blacktriangledown$}}
                                                  
The control sequence at the end of the top line
of your error message was never \def'ed. If you have
misspelled it (e.g., `\hobx'), type `I' and the correct
spelling (e.g., `I\hbox'). Otherwise just continue,
and I'll forget about whatever was undefined.

./test.tex:84: Undefined control sequence.
<recently read> \lozenge 
                         
l.84 \put(1470,626){\makebox(0,0){$\lozenge$}}
                                              
The control sequence at the end of the top line
of your error message was never \def'ed. If you have
misspelled it (e.g., `\hobx'), type `I' and the correct
spelling (e.g., `I\hbox'). Otherwise just continue,
and I'll forget about whatever was undefined.

./test.tex:87: Undefined control sequence.
<recently read> \blacklozenge 
                              
l.87 ...(1470,585){\makebox(0,0){$\blacklozenge$}}
                                                  
The control sequence at the end of the top line
of your error message was never \def'ed. If you have
misspelled it (e.g., `\hobx'), type `I' and the correct
spelling (e.g., `I\hbox'). Otherwise just continue,
and I'll forget about whatever was undefined.


./test.tex:111: LaTeX Error: Command \Box not provided in base LaTeX2e.

See the LaTeX manual or LaTeX Companion for explanation.
Type  H <return>  for immediate help.
 ...                                              
                                                  
l.111 ...{\raisebox{-.8pt}{\makebox(0,0){$\Box$}}}
                                                  
Load the latexsym or the amsfonts package to define this symbol

./test.tex:117: Undefined control sequence.
<recently read> \blacksquare 
                             
l.117 ...(1470,298){\makebox(0,0){$\blacksquare$}}
                                                  
The control sequence at the end of the top line
of your error message was never \def'ed. If you have
misspelled it (e.g., `\hobx'), type `I' and the correct
spelling (e.g., `I\hbox'). Otherwise just continue,
and I'll forget about whatever was undefined.

./test.tex:134: Undefined control sequence.
<recently read> \blacktriangle 
                               
l.134 ...470,134){\makebox(0,0){$\blacktriangle$}}
                                                  
The control sequence at the end of the top line
of your error message was never \def'ed. If you have
misspelled it (e.g., `\hobx'), type `I' and the correct
spelling (e.g., `I\hbox'). Otherwise just continue,
and I'll forget about whatever was undefined.

./test.tex:136: Undefined control sequence.
<recently read> \triangledown 
                              
l.136 ...(1470,93){\makebox(0,0){$\triangledown$}}
                                                  
The control sequence at the end of the top line
of your error message was never \def'ed. If you have
misspelled it (e.g., `\hobx'), type `I' and the correct
spelling (e.g., `I\hbox'). Otherwise just continue,
and I'll forget about whatever was undefined.

./test.tex:141: Undefined control sequence.
<recently read> \blacktriangledown 
                                   
l.141 ...,52){\makebox(0,0){$\blacktriangledown$}}
                                                  
The control sequence at the end of the top line
of your error message was never \def'ed. If you have
misspelled it (e.g., `\hobx'), type `I' and the correct
spelling (e.g., `I\hbox'). Otherwise just continue,
and I'll forget about whatever was undefined.

)
Overfull \hbox (1.35864pt too wide) in paragraph at lines 230--64
 [] 
 []

[2] [3] [4] [5] [6] [7] (./tutorial.aux) ) 
Here is how much of TeX's memory you used:
 273 strings out of 493013
 2887 string characters out of 6133328
 405646 words of memory out of 5000000
 3869 multiletter control sequences out of 15000+600000
 9203 words of font info for 32 fonts, out of 8000000 for 9000
 1141 hyphenation exceptions out of 8191
 23i,11n,19p,166b,264s stack positions out of 5000i,500n,10000p,200000b,80000s
</usr/local/texlive/2016/texmf-dist/fonts/type1/public/amsfonts/cm/cmbx10.pfb></usr/local/texlive/2016/texmf-dist/fonts/type1/public/amsfonts/cm/cmbx12.pfb></usr/local/texlive/2016/texmf-dist/fonts/type1/public/amsfonts/cm/cmmi10.pfb></usr/local/texlive/2016/texmf-dist/fonts/type1/public/amsfonts/cm/cmmi8.pfb></usr/local/texlive/2016/texmf-dist/fonts/type1/public/amsfonts/cm/cmr10.pfb></usr/local/texlive/2016/texmf-dist/fonts/type1/public/amsfonts/cm/cmr12.pfb></usr/local/texlive/2016/texmf-dist/fonts/type1/public/amsfonts/cm/cmr17.pfb></usr/local/texlive/2016/texmf-dist/fonts/type1/public/amsfonts/cm/cmr8.pfb></usr/local/texlive/2016/texmf-dist/fonts/type1/public/amsfonts/cm/cmsl10.pfb></usr/local/texlive/2016/texmf-dist/fonts/type1/public/amsfonts/cm/cmsy10.pfb></usr/local/texlive/2016/texmf-dist/fonts/type1/public/amsfonts/cm/cmti10.pfb></usr/local/texlive/2016/texmf-dist/fonts/type1/public/amsfonts/latxfont/line10.pfb>
Output written on tutorial.pdf (7 pages, 198053 bytes).
PDF statistics:
 76 PDF objects out of 1000 (max. 8388607)
 54 compressed objects within 1 object stream
 0 named destinations out of 1000 (max. 500000)
 1 words of extra memory for PDF output out of 10000 (max. 10000000)

